
/home/runner/work/exp-polynomial-equation-iitb/exp-polynomial-equation-iitb/experiment/simulation/common_libraries/js/ts_components/collapse_step.js
   1:10  warning  'show_step' is defined but never used                 no-unused-vars
   2:5   warning  '$' is not defined                                    no-undef
   3:9   warning  '$' is not defined                                    no-undef
   6:10  warning  'hide_step' is defined but never used                 no-unused-vars
   7:5   warning  '$' is not defined                                    no-undef
   8:9   warning  '$' is not defined                                    no-undef
  11:10  warning  'get_collapse_btn_text' is defined but never used     no-unused-vars
  20:10  warning  'get_collapse_btn_element' is defined but never used  no-unused-vars
  29:10  warning  'hide_all_steps' is defined but never used            no-unused-vars
  31:9   warning  '$' is not defined                                    no-undef

/home/runner/work/exp-polynomial-equation-iitb/exp-polynomial-equation-iitb/experiment/simulation/common_libraries/js/ts_components/matrix.js
   27:26  warning  'MathJax' is not defined                                no-undef
   32:7   warning  'Matrix_Without_String' is defined but never used       no-unused-vars
   52:26  warning  'MathJax' is not defined                                no-undef
   56:10  warning  'get_matrix_html' is defined but never used             no-unused-vars
   87:13  warning  'row_html' is assigned a value but never used           no-unused-vars
   99:10  warning  'get_matrix_html_with_title' is defined but never used  no-unused-vars
  131:13  warning  'row_html' is assigned a value but never used           no-unused-vars
  143:10  warning  'convert_2d_to_1d_vector' is defined but never used     no-unused-vars
  156:10  warning  'convert_1d_to_2d_matrix' is defined but never used     no-unused-vars

/home/runner/work/exp-polynomial-equation-iitb/exp-polynomial-equation-iitb/experiment/simulation/common_libraries/js/ts_components/matrix_2d.js
    2:10  warning  'toLatexBMatrix' is defined but never used              no-unused-vars
   29:10  warning  'toLatexDeterminant' is defined but never used          no-unused-vars
   61:10  warning  'renderMatrixInputs' is defined but never used          no-unused-vars
  111:10  warning  'readMatrix2D' is defined but never used                no-unused-vars
  130:10  warning  'verifyMatrix2D' is defined but never used              no-unused-vars
  141:18  warning  'verify_values' is not defined                          no-undef
  148:10  warning  'transposeMatrix' is defined but never used             no-unused-vars
  165:10  warning  'multiplyMatrices' is defined but never used            no-unused-vars
  200:10  warning  'inverseMatrix' is defined but never used               no-unused-vars
  255:10  warning  'determinant' is defined but never used                 no-unused-vars
  305:10  warning  'convertMatrixInputsToSpans' is defined but never used  no-unused-vars

/home/runner/work/exp-polynomial-equation-iitb/exp-polynomial-equation-iitb/experiment/simulation/common_libraries/js/ts_components/pannel.js
  8:7  warning  'Pannel' is defined but never used  no-unused-vars

/home/runner/work/exp-polynomial-equation-iitb/exp-polynomial-equation-iitb/experiment/simulation/common_libraries/js/ts_components/questions.js
   6:17  warning  'op1' is assigned a value but never used      no-unused-vars
   7:17  warning  'op2' is assigned a value but never used      no-unused-vars
   8:17  warning  'op3' is assigned a value but never used      no-unused-vars
   9:17  warning  'op4' is assigned a value but never used      no-unused-vars
  94:7   warning  'Question_Options' is defined but never used  no-unused-vars

/home/runner/work/exp-polynomial-equation-iitb/exp-polynomial-equation-iitb/experiment/simulation/common_libraries/js/ts_components/tables.js
   19:22  warning  'verify_values' is not defined                                     no-undef
  137:22  warning  'verify_values' is not defined                                     no-undef
  260:7   warning  'Verify_Rows_Cols_6_decimal_places' is defined but never used      no-unused-vars
  311:22  warning  'verify_values' is not defined                                     no-undef
  416:7   warning  'Verify_Rows_Cols_Custom_Fixed_Update1' is defined but never used  no-unused-vars
  468:7   warning  'Show_Table_Custom_Fixed' is defined but never used                no-unused-vars
  506:7   warning  'Verify_Rows_Cols_Strings' is defined but never used               no-unused-vars
  527:22  warning  'verify_values' is not defined                                     no-undef
  663:7   warning  'Display_Table' is defined but never used                          no-unused-vars

/home/runner/work/exp-polynomial-equation-iitb/exp-polynomial-equation-iitb/experiment/simulation/common_libraries/js/ts_math_library/general_math_functions.js
    1:10  warning  'verify_values' is defined but never used                   no-unused-vars
   17:10  warning  'random1' is defined but never used                         no-unused-vars
   21:10  warning  'std_deviation' is defined but never used                   no-unused-vars
   26:10  warning  'gauss' is defined but never used                           no-unused-vars
   56:10  warning  'hide_panel' is defined but never used                      no-unused-vars
   63:10  warning  'inverse_matrix' is defined but never used                  no-unused-vars
   96:10  warning  'matrix_multiplication' is defined but never used           no-unused-vars
  113:10  warning  'transpose_matrix' is defined but never used                no-unused-vars
  123:10  warning  'matrix_multiplication_8decimal' is defined but never used  no-unused-vars
  140:10  warning  'adjoint_2x2_matrix' is defined but never used              no-unused-vars
  145:10  warning  'find_deteminant' is defined but never used                 no-unused-vars
  174:10  warning  'get_Submatrix' is defined but never used                   no-unused-vars

/home/runner/work/exp-polynomial-equation-iitb/exp-polynomial-equation-iitb/experiment/simulation/common_libraries/js/ts_math_library/regression.js
   1:10  warning  'regression_linear' is defined but never used            no-unused-vars
  18:10  warning  'regression_linear_1variable' is defined but never used  no-unused-vars
  27:10  warning  'regression_linear_2variable' is defined but never used  no-unused-vars
  52:11  warning  'gauss' is not defined                                   no-undef

/home/runner/work/exp-polynomial-equation-iitb/exp-polynomial-equation-iitb/experiment/simulation/common_libraries/math.ob.js
  1:745  warning  'b' is already defined  no-redeclare

/home/runner/work/exp-polynomial-equation-iitb/exp-polynomial-equation-iitb/experiment/simulation/js/activity1.js
    3:5   warning  'a' is not defined                              no-undef
    3:9   warning  'random1' is not defined                        no-undef
   23:9   warning  'MathJax' is not defined                        no-undef
   27:10  warning  'start_act1' is defined but never used          no-unused-vars
   28:24  warning  'a' is not defined                              no-undef
   28:27  warning  'b' is not defined                              no-undef
   31:25  warning  'data' is not defined                           no-undef
   36:20  warning  'get_collapse_btn_text' is not defined          no-undef
   42:59  warning  'a' is not defined                              no-undef
   45:28  warning  Unnecessary escape character: \ϕ                no-useless-escape
   47:34  warning  'data' is not defined                           no-undef
   47:60  warning  'data' is not defined                           no-undef
   55:21  warning  Unnecessary escape character: \ϕ                no-useless-escape
   68:5   warning  'hide_all_steps' is not defined                 no-undef
   71:9   warning  'MathJax' is not defined                        no-undef
   73:22  warning  'show_step' is not defined                      no-undef
   75:10  warning  'verify_itr1_d' is defined but never used       no-unused-vars
   79:17  warning  'data' is not defined                           no-undef
   80:10  warning  'verify_values' is not defined                  no-undef
   80:54  warning  'data' is not defined                           no-undef
   87:15  warning  Unnecessary escape character: \ϕ                no-useless-escape
   87:38  warning  'data' is not defined                           no-undef
  112:9   warning  'MathJax' is not defined                        no-undef
  115:10  warning  'verify_itr1_x' is defined but never used       no-unused-vars
  120:17  warning  'data' is not defined                           no-undef
  120:29  warning  'data' is not defined                           no-undef
  121:10  warning  'verify_values' is not defined                  no-undef
  121:55  warning  'data' is not defined                           no-undef
  125:10  warning  'verify_values' is not defined                  no-undef
  125:55  warning  'data' is not defined                           no-undef
  132:32  warning  'data' is not defined                           no-undef
  135:32  warning  'data' is not defined                           no-undef
  160:9   warning  'MathJax' is not defined                        no-undef
  163:10  warning  'verify_itr1_fx' is defined but never used      no-unused-vars
  168:17  warning  'data' is not defined                           no-undef
  168:29  warning  'data' is not defined                           no-undef
  169:10  warning  'verify_values' is not defined                  no-undef
  169:56  warning  'data' is not defined                           no-undef
  173:10  warning  'verify_values' is not defined                  no-undef
  173:56  warning  'data' is not defined                           no-undef
  180:25  warning  'data' is not defined                           no-undef
  183:25  warning  'data' is not defined                           no-undef
  187:33  warning  'data' is not defined                           no-undef
  187:59  warning  'data' is not defined                           no-undef
  195:9   warning  'MathJax' is not defined                        no-undef
  198:10  warning  'load_iteration2' is defined but never used     no-unused-vars
  207:21  warning  Unnecessary escape character: \ϕ                no-useless-escape
  218:9   warning  'MathJax' is not defined                        no-undef
  221:10  warning  'verify_itr2_d' is defined but never used       no-unused-vars
  225:17  warning  'data' is not defined                           no-undef
  226:10  warning  'verify_values' is not defined                  no-undef
  226:54  warning  'data' is not defined                           no-undef
  233:15  warning  Unnecessary escape character: \ϕ                no-useless-escape
  233:38  warning  'data' is not defined                           no-undef
  258:9   warning  'MathJax' is not defined                        no-undef
  261:10  warning  'verify_itr2_x' is defined but never used       no-unused-vars
  266:17  warning  'data' is not defined                           no-undef
  266:29  warning  'data' is not defined                           no-undef
  267:10  warning  'verify_values' is not defined                  no-undef
  267:55  warning  'data' is not defined                           no-undef
  271:10  warning  'verify_values' is not defined                  no-undef
  271:55  warning  'data' is not defined                           no-undef
  278:32  warning  'data' is not defined                           no-undef
  281:32  warning  'data' is not defined                           no-undef
  306:9   warning  'MathJax' is not defined                        no-undef
  309:10  warning  'verify_itr2_fx' is defined but never used      no-unused-vars
  314:17  warning  'data' is not defined                           no-undef
  314:29  warning  'data' is not defined                           no-undef
  315:10  warning  'verify_values' is not defined                  no-undef
  315:56  warning  'data' is not defined                           no-undef
  319:10  warning  'verify_values' is not defined                  no-undef
  319:56  warning  'data' is not defined                           no-undef
  326:25  warning  'data' is not defined                           no-undef
  329:25  warning  'data' is not defined                           no-undef
  333:33  warning  'data' is not defined                           no-undef
  333:59  warning  'data' is not defined                           no-undef
  341:9   warning  'MathJax' is not defined                        no-undef
  344:10  warning  'load_table' is defined but never used          no-unused-vars
  348:25  warning  'data' is not defined                           no-undef
  349:9   warning  'data' is not defined                           no-undef
  361:19  warning  'Show_Table' is not defined                     no-undef
  361:40  warning  'data' is not defined                           no-undef
  380:15  warning  'data' is not defined                           no-undef
  381:15  warning  'data' is not defined                           no-undef
  383:22  warning  'golden_ratio' is not defined                   no-undef
  386:51  warning  'a' is not defined                              no-undef
  387:51  warning  'a' is not defined                              no-undef
  395:9   warning  'data' is not defined                           no-undef
  398:13  warning  'data' is not defined                           no-undef
  404:9   warning  'chart_x_data' is not defined                   no-undef
  405:43  warning  'a' is not defined                              no-undef
  405:47  warning  'b' is not defined                              no-undef
  406:9   warning  'smallest_fx' is not defined                    no-undef
  406:32  warning  'smallest_fx' is not defined                    no-undef
  407:9   warning  'chart_y_data' is not defined                   no-undef
  409:32  warning  'smallest_fx' is not defined                    no-undef
  411:10  warning  'plot_graph' is defined but never used          no-unused-vars
  412:17  warning  'chart_x_data' is not defined                   no-undef
  413:17  warning  'chart_y_data' is not defined                   no-undef
  428:9   warning  'x_data' is defined but never used              no-unused-vars
  432:21  warning  'Chart' is not defined                          no-undef
  435:21  warning  'chart_x_data' is not defined                   no-undef
  439:27  warning  'chart_y_data' is not defined                   no-undef
  491:10  warning  'verify_smallest_fx' is defined but never used  no-unused-vars
  494:29  warning  'smallest_fx' is not defined                    no-undef
  495:47  warning  'smallest_fx' is not defined                    no-undef
  502:44  warning  'smallest_fx' is not defined                    no-undef
  507:10  warning  'exp_end' is defined but never used             no-unused-vars

/home/runner/work/exp-polynomial-equation-iitb/exp-polynomial-equation-iitb/experiment/simulation/js/data.js
   1:7   warning  'u' is assigned a value but never used              no-unused-vars
   1:11  warning  'random1' is not defined                            no-undef
   2:7   warning  'v' is assigned a value but never used              no-unused-vars
   2:11  warning  'random1' is not defined                            no-undef
   3:7   warning  'x' is assigned a value but never used              no-unused-vars
   3:11  warning  'random1' is not defined                            no-undef
   4:7   warning  'y' is assigned a value but never used              no-unused-vars
   4:11  warning  'random1' is not defined                            no-undef
   5:7   warning  'jacobian_vals' is assigned a value but never used  no-unused-vars
   6:7   warning  'hessian_vals' is assigned a value but never used   no-unused-vars
   8:5   warning  'a' is assigned a value but never used              no-unused-vars
   9:5   warning  'b' is assigned a value but never used              no-unused-vars
  10:7   warning  'golden_ratio' is assigned a value but never used   no-unused-vars
  12:7   warning  'data' is assigned a value but never used           no-unused-vars
  13:5   warning  'smallest_fx' is defined but never used             no-unused-vars
  14:7   warning  'chart_x_data' is assigned a value but never used   no-unused-vars
  15:7   warning  'chart_y_data' is assigned a value but never used   no-unused-vars

✖ 187 problems (0 errors, 187 warnings)

